<?xml version="1.0" encoding="UTF-8"?>
<!-- Generated by org.testng.reporters.JUnitXMLReporter -->
<testsuite ignored="2" hostname="DESKTOP-J4G6DII" failures="2" tests="5" name="Test" time="1.247" errors="0" timestamp="2022-11-27T19:35:12 IST">
  <testcase classname="testScripts.TestBase" name="@BeforeMethod setUP" time="0.006">
    <failure type="java.lang.NullPointerException">
      <![CDATA[java.lang.NullPointerException
at base.PredefinedActions.start(PredefinedActions.java:72)
at testScripts.TestBase.setUP(TestBase.java:28)
at java.base/java.util.ArrayList.forEach(ArrayList.java:1541)
... Removed 34 stack frames]]>
    </failure>
  </testcase> <!-- @BeforeMethod setUP -->
  <testcase classname="testScripts.TestBase" name="@AfterMethod close" time="-1.669557911437E9">
    <skipped/>
  </testcase> <!-- @AfterMethod close -->
  <testcase classname="testScripts.TestBase" name="@BeforeMethod setUP" time="0.002">
    <failure type="java.lang.NullPointerException">
      <![CDATA[java.lang.NullPointerException
at base.PredefinedActions.start(PredefinedActions.java:72)
at testScripts.TestBase.setUP(TestBase.java:28)
at java.base/java.util.ArrayList.forEach(ArrayList.java:1541)
... Removed 34 stack frames]]>
    </failure>
  </testcase> <!-- @BeforeMethod setUP -->
  <testcase classname="testScripts.TestBase" name="@AfterMethod close" time="-1.669557912585E9">
    <skipped/>
  </testcase> <!-- @AfterMethod close -->
  <testcase classname="testScripts.TestBase" name="@BeforeMethod setUP" time="-1.669557912586E9">
    <skipped/>
  </testcase> <!-- @BeforeMethod setUP -->
  <testcase classname="testScripts.TestBase" name="@AfterMethod close" time="-1.669557912586E9">
    <skipped/>
  </testcase> <!-- @AfterMethod close -->
  <testcase classname="testScripts.MyInfoSalaryTest_AV" name="verifyCtc" time="0.0">
    <skipped/>
  </testcase> <!-- verifyCtc -->
  <testcase classname="testScripts.LoginTest" name="tc1" time="0.001">
    <failure type="java.lang.NullPointerException">
      <![CDATA[java.lang.NullPointerException
at base.PredefinedActions.start(PredefinedActions.java:72)
at testScripts.LoginTest.tc1(LoginTest.java:19)
at java.base/java.util.ArrayList.forEach(ArrayList.java:1541)
... Removed 30 stack frames]]>
    </failure>
  </testcase> <!-- tc1 -->
  <testcase classname="testScripts.LoginTest" name="tc1" time="0.0">
    <failure type="java.lang.NullPointerException">
      <![CDATA[java.lang.NullPointerException
at base.PredefinedActions.start(PredefinedActions.java:72)
at testScripts.LoginTest.tc1(LoginTest.java:19)
at java.base/java.util.ArrayList.forEach(ArrayList.java:1541)
... Removed 30 stack frames]]>
    </failure>
  </testcase> <!-- tc1 -->
  <testcase classname="testScripts.DashBoardTest_AV" name="verfiyProfileAboutContentTest" time="0.0">
    <skipped/>
  </testcase> <!-- verfiyProfileAboutContentTest -->
  <testcase classname="testScripts.DashBoardTest_AV" name="verifyWidgetsCountAndText" time="0.0">
    <skipped/>
  </testcase> <!-- verifyWidgetsCountAndText -->
  <testcase classname="testScripts.LoginTest" name="testCasec1" time="0.0">
    <ignored/>
  </testcase> <!-- testCasec1 -->
  <testcase classname="testScripts.TestBase" name="@BeforeSuite intiLog4j" time="0.0">
    <ignored/>
  </testcase> <!-- @BeforeSuite intiLog4j -->
</testsuite> <!-- Test -->
