<?xml version="1.0" encoding="UTF-8"?>
<testsuite xmlns:xsi="http://www.w3.org/2001/XMLSchema-instance" xsi:schemaLocation="https://maven.apache.org/surefire/maven-surefire-plugin/xsd/surefire-test-report.xsd" name="TestSuite" time="2.39" tests="11" errors="0" skipped="7" failures="4">
  <properties>
[...]
</properties>
  <testcase name="setUP" classname="testScripts.MyInfoSalaryTest_AV" time="0.964">
    <failure type="java.lang.NullPointerException">java.lang.NullPointerException
</failure>
    <system-out><![CDATA[${browser}=chrome
Environment Name : ${env}=qa
]]></system-out>
    <system-err><![CDATA[log4j:ERROR Could not read configuration file [src/main/resources/Config_AV/lolog4j.properties].
java.io.FileNotFoundException: src\main\resources\Config_AV\lolog4j.properties (The system cannot find the file specified)
	at java.base/java.io.FileInputStream.open0(Native Method)
	at java.base/java.io.FileInputStream.open(FileInputStream.java:219)
	at java.base/java.io.FileInputStream.<init>(FileInputStream.java:157)
	at java.base/java.io.FileInputStream.<init>(FileInputStream.java:112)
	at org.apache.log4j.PropertyConfigurator.doConfigure(PropertyConfigurator.java:372)
	at org.apache.log4j.PropertyConfigurator.configure(PropertyConfigurator.java:403)
	at testScripts.TestBase.intiLog4j(TestBase.java:20)
	at java.base/jdk.internal.reflect.NativeMethodAccessorImpl.invoke0(Native Method)
	at java.base/jdk.internal.reflect.NativeMethodAccessorImpl.invoke(NativeMethodAccessorImpl.java:62)
	at java.base/jdk.internal.reflect.DelegatingMethodAccessorImpl.invoke(DelegatingMethodAccessorImpl.java:43)
	at java.base/java.lang.reflect.Method.invoke(Method.java:566)
	at org.testng.internal.MethodInvocationHelper.invokeMethod(MethodInvocationHelper.java:133)
	at org.testng.internal.MethodInvocationHelper.invokeMethodConsideringTimeout(MethodInvocationHelper.java:62)
	at org.testng.internal.ConfigInvoker.invokeConfigurationMethod(ConfigInvoker.java:385)
	at org.testng.internal.ConfigInvoker.invokeConfigurations(ConfigInvoker.java:321)
	at org.testng.SuiteRunner.privateRun(SuiteRunner.java:317)
	at org.testng.SuiteRunner.run(SuiteRunner.java:276)
	at org.testng.SuiteRunnerWorker.runSuite(SuiteRunnerWorker.java:53)
	at org.testng.SuiteRunnerWorker.run(SuiteRunnerWorker.java:96)
	at org.testng.TestNG.runSuitesSequentially(TestNG.java:1212)
	at org.testng.TestNG.runSuitesLocally(TestNG.java:1134)
	at org.testng.TestNG.runSuites(TestNG.java:1063)
	at org.testng.TestNG.run(TestNG.java:1031)
	at org.apache.maven.surefire.testng.TestNGExecutor.run(TestNGExecutor.java:281)
	at org.apache.maven.surefire.testng.TestNGXmlTestSuite.execute(TestNGXmlTestSuite.java:75)
	at org.apache.maven.surefire.testng.TestNGProvider.invoke(TestNGProvider.java:121)
	at org.apache.maven.surefire.booter.ForkedBooter.invokeProviderInSameClassLoader(ForkedBooter.java:290)
	at org.apache.maven.surefire.booter.ForkedBooter.runSuitesInProcess(ForkedBooter.java:242)
	at org.apache.maven.surefire.booter.ForkedBooter.main(ForkedBooter.java:121)
log4j:ERROR Ignoring configuration file [src/main/resources/Config_AV/lolog4j.properties].
]]></system-err>
  </testcase>
  <testcase name="verifyCtc" classname="testScripts.MyInfoSalaryTest_AV" time="0">
    <skipped/>
  </testcase>
  <testcase name="close" classname="testScripts.MyInfoSalaryTest_AV" time="0">
    <skipped/>
  </testcase>
  <testcase name="tc1" classname="testScripts.LoginTest" time="0.003">
    <failure type="java.lang.NullPointerException">java.lang.NullPointerException
	at testScripts.LoginTest.tc1(LoginTest.java:19)
</failure>
    <system-out><![CDATA[Total num of rows in sheet are2
Total number of coloumn in sheet are4
STEP - Launch Chrome Browser & Hit url
${browser}=chrome
Environment Name : ${env}=qa
]]></system-out>
    <system-err><![CDATA[ERROR StatusLogger Log4j2 could not find a logging implementation. Please add log4j-core to the classpath. Using SimpleLogger to log to the console...
]]></system-err>
  </testcase>
  <testcase name="tc1" classname="testScripts.LoginTest" time="0.002">
    <failure type="java.lang.NullPointerException">java.lang.NullPointerException
	at testScripts.LoginTest.tc1(LoginTest.java:19)
</failure>
    <system-out><![CDATA[STEP - Launch Chrome Browser & Hit url
${browser}=chrome
Environment Name : ${env}=qa
]]></system-out>
  </testcase>
  <testcase name="setUP" classname="testScripts.DashBoardTest_AV" time="0.008">
    <failure type="java.lang.NullPointerException">java.lang.NullPointerException
</failure>
    <system-out><![CDATA[${browser}=chrome
Environment Name : ${env}=qa
]]></system-out>
  </testcase>
  <testcase name="setUP" classname="testScripts.DashBoardTest_AV" time="0">
    <skipped/>
  </testcase>
  <testcase name="verfiyProfileAboutContentTest" classname="testScripts.DashBoardTest_AV" time="0">
    <skipped/>
  </testcase>
  <testcase name="close" classname="testScripts.DashBoardTest_AV" time="0">
    <skipped/>
  </testcase>
  <testcase name="close" classname="testScripts.DashBoardTest_AV" time="0">
    <skipped/>
  </testcase>
  <testcase name="verifyWidgetsCountAndText" classname="testScripts.DashBoardTest_AV" time="0">
    <skipped/>
  </testcase>
</testsuite>